-------------------------------------------------------------------------------
Test set: cn.colins.rocketmqstarter.RocketmqStarterApplicationTests
-------------------------------------------------------------------------------
Tests run: 1, Failures: 0, Errors: 1, Skipped: 0, Time elapsed: 1.004 s <<< FAILURE! - in cn.colins.rocketmqstarter.RocketmqStarterApplicationTests
contextLoads  Time elapsed: 0.003 s  <<< ERROR!
java.lang.IllegalStateException: Failed to load ApplicationContext
Caused by: org.springframework.beans.factory.BeanCreationException: Error creating bean with name 'rocketMqAnnotationBeanPostProcessor' defined in class path resource [cn/colins/rocketmqstarter/config/RocketMqAutoConfiguration.class]: Initialization of bean failed; nested exception is org.springframework.beans.factory.UnsatisfiedDependencyException: Error creating bean with name 'rocketMqFactory' defined in class path resource [cn/colins/rocketmqstarter/config/RocketMqAutoConfiguration.class]: Unsatisfied dependency expressed through method 'rocketMqFactory' parameter 0; nested exception is org.springframework.boot.context.properties.ConfigurationPropertiesBindException: Error creating bean with name 'rocket-mq.producer-cn.colins.rocketmqstarter.producer.config.RocketMqProducerConfig': Could not bind properties to 'RocketMqProducerConfig' : prefix=rocket-mq.producer, ignoreInvalidFields=false, ignoreUnknownFields=true; nested exception is org.springframework.boot.context.properties.bind.BindException: Failed to bind properties under 'rocket-mq.producer.default-m-q-producer-configs[0]' to cn.colins.rocketmqstarter.producer.config.DefaultMQProducerConfig
Caused by: org.springframework.beans.factory.UnsatisfiedDependencyException: Error creating bean with name 'rocketMqFactory' defined in class path resource [cn/colins/rocketmqstarter/config/RocketMqAutoConfiguration.class]: Unsatisfied dependency expressed through method 'rocketMqFactory' parameter 0; nested exception is org.springframework.boot.context.properties.ConfigurationPropertiesBindException: Error creating bean with name 'rocket-mq.producer-cn.colins.rocketmqstarter.producer.config.RocketMqProducerConfig': Could not bind properties to 'RocketMqProducerConfig' : prefix=rocket-mq.producer, ignoreInvalidFields=false, ignoreUnknownFields=true; nested exception is org.springframework.boot.context.properties.bind.BindException: Failed to bind properties under 'rocket-mq.producer.default-m-q-producer-configs[0]' to cn.colins.rocketmqstarter.producer.config.DefaultMQProducerConfig
Caused by: org.springframework.boot.context.properties.ConfigurationPropertiesBindException: Error creating bean with name 'rocket-mq.producer-cn.colins.rocketmqstarter.producer.config.RocketMqProducerConfig': Could not bind properties to 'RocketMqProducerConfig' : prefix=rocket-mq.producer, ignoreInvalidFields=false, ignoreUnknownFields=true; nested exception is org.springframework.boot.context.properties.bind.BindException: Failed to bind properties under 'rocket-mq.producer.default-m-q-producer-configs[0]' to cn.colins.rocketmqstarter.producer.config.DefaultMQProducerConfig
Caused by: org.springframework.boot.context.properties.bind.BindException: Failed to bind properties under 'rocket-mq.producer.default-m-q-producer-configs[0]' to cn.colins.rocketmqstarter.producer.config.DefaultMQProducerConfig
Caused by: org.springframework.core.convert.ConverterNotFoundException: No converter found capable of converting from type [java.lang.String] to type [cn.colins.rocketmqstarter.producer.config.DefaultMQProducerConfig]

