<?xml version="1.0" encoding="UTF-8"?>
<testsuite xmlns:xsi="http://www.w3.org/2001/XMLSchema-instance" xsi:noNamespaceSchemaLocation="https://maven.apache.org/surefire/maven-surefire-plugin/xsd/surefire-test-report.xsd" name="cn.colins.rocketmqstarter.RocketmqStarterApplicationTests" time="3.789" tests="1" errors="1" skipped="0" failures="0">
  <properties>
[...]
</properties>
  <testcase name="contextLoads" classname="cn.colins.rocketmqstarter.RocketmqStarterApplicationTests" time="0.511">
    <error type="java.lang.NullPointerException">java.lang.NullPointerException
	at cn.colins.rocketmqstarter.RocketmqStarterApplicationTests.contextLoads(RocketmqStarterApplicationTests.java:19)
</error>
    <system-out><![CDATA[10:38:11.667 [main] DEBUG org.springframework.test.context.BootstrapUtils - Instantiating CacheAwareContextLoaderDelegate from class [org.springframework.test.context.cache.DefaultCacheAwareContextLoaderDelegate]
10:38:11.702 [main] DEBUG org.springframework.test.context.BootstrapUtils - Instantiating BootstrapContext using constructor [public org.springframework.test.context.support.DefaultBootstrapContext(java.lang.Class,org.springframework.test.context.CacheAwareContextLoaderDelegate)]
10:38:11.726 [main] DEBUG org.springframework.test.context.BootstrapUtils - Instantiating TestContextBootstrapper for test class [cn.colins.rocketmqstarter.RocketmqStarterApplicationTests] from class [org.springframework.boot.test.context.SpringBootTestContextBootstrapper]
10:38:11.745 [main] INFO org.springframework.boot.test.context.SpringBootTestContextBootstrapper - Neither @ContextConfiguration nor @ContextHierarchy found for test class [cn.colins.rocketmqstarter.RocketmqStarterApplicationTests], using SpringBootContextLoader
10:38:11.748 [main] DEBUG org.springframework.test.context.support.AbstractContextLoader - Did not detect default resource location for test class [cn.colins.rocketmqstarter.RocketmqStarterApplicationTests]: class path resource [cn/colins/rocketmqstarter/RocketmqStarterApplicationTests-context.xml] does not exist
10:38:11.748 [main] DEBUG org.springframework.test.context.support.AbstractContextLoader - Did not detect default resource location for test class [cn.colins.rocketmqstarter.RocketmqStarterApplicationTests]: class path resource [cn/colins/rocketmqstarter/RocketmqStarterApplicationTestsContext.groovy] does not exist
10:38:11.748 [main] INFO org.springframework.test.context.support.AbstractContextLoader - Could not detect default resource locations for test class [cn.colins.rocketmqstarter.RocketmqStarterApplicationTests]: no resource found for suffixes {-context.xml, Context.groovy}.
10:38:11.749 [main] INFO org.springframework.test.context.support.AnnotationConfigContextLoaderUtils - Could not detect default configuration classes for test class [cn.colins.rocketmqstarter.RocketmqStarterApplicationTests]: RocketmqStarterApplicationTests does not declare any static, non-private, non-final, nested classes annotated with @Configuration.
10:38:11.832 [main] DEBUG org.springframework.test.context.support.ActiveProfilesUtils - Could not find an 'annotation declaring class' for annotation type [org.springframework.test.context.ActiveProfiles] and class [cn.colins.rocketmqstarter.RocketmqStarterApplicationTests]
10:38:11.902 [main] DEBUG org.springframework.context.annotation.ClassPathScanningCandidateComponentProvider - Identified candidate component class: file [F:\student_project\rocketmq-starter\target\classes\cn\colins\rocketmqstarter\RocketmqStarterApplication.class]
10:38:11.902 [main] INFO org.springframework.boot.test.context.SpringBootTestContextBootstrapper - Found @SpringBootConfiguration cn.colins.rocketmqstarter.RocketmqStarterApplication for test class cn.colins.rocketmqstarter.RocketmqStarterApplicationTests
10:38:11.998 [main] DEBUG org.springframework.boot.test.context.SpringBootTestContextBootstrapper - @TestExecutionListeners is not present for class [cn.colins.rocketmqstarter.RocketmqStarterApplicationTests]: using defaults.
10:38:11.998 [main] INFO org.springframework.boot.test.context.SpringBootTestContextBootstrapper - Loaded default TestExecutionListener class names from location [META-INF/spring.factories]: [org.springframework.boot.test.mock.mockito.MockitoTestExecutionListener, org.springframework.boot.test.mock.mockito.ResetMocksTestExecutionListener, org.springframework.boot.test.autoconfigure.restdocs.RestDocsTestExecutionListener, org.springframework.boot.test.autoconfigure.web.client.MockRestServiceServerResetTestExecutionListener, org.springframework.boot.test.autoconfigure.web.servlet.MockMvcPrintOnlyOnFailureTestExecutionListener, org.springframework.boot.test.autoconfigure.web.servlet.WebDriverTestExecutionListener, org.springframework.boot.test.autoconfigure.webservices.client.MockWebServiceServerTestExecutionListener, org.springframework.test.context.web.ServletTestExecutionListener, org.springframework.test.context.support.DirtiesContextBeforeModesTestExecutionListener, org.springframework.test.context.event.ApplicationEventsTestExecutionListener, org.springframework.test.context.support.DependencyInjectionTestExecutionListener, org.springframework.test.context.support.DirtiesContextTestExecutionListener, org.springframework.test.context.transaction.TransactionalTestExecutionListener, org.springframework.test.context.jdbc.SqlScriptsTestExecutionListener, org.springframework.test.context.event.EventPublishingTestExecutionListener]
10:38:12.031 [main] DEBUG org.springframework.boot.test.context.SpringBootTestContextBootstrapper - Skipping candidate TestExecutionListener [org.springframework.test.context.transaction.TransactionalTestExecutionListener] due to a missing dependency. Specify custom listener classes or make the default listener classes and their required dependencies available. Offending class: [org/springframework/transaction/interceptor/TransactionAttributeSource]
10:38:12.032 [main] DEBUG org.springframework.boot.test.context.SpringBootTestContextBootstrapper - Skipping candidate TestExecutionListener [org.springframework.test.context.jdbc.SqlScriptsTestExecutionListener] due to a missing dependency. Specify custom listener classes or make the default listener classes and their required dependencies available. Offending class: [org/springframework/transaction/interceptor/TransactionAttribute]
10:38:12.032 [main] INFO org.springframework.boot.test.context.SpringBootTestContextBootstrapper - Using TestExecutionListeners: [org.springframework.test.context.web.ServletTestExecutionListener@7ef82753, org.springframework.test.context.support.DirtiesContextBeforeModesTestExecutionListener@3b0fe47a, org.springframework.test.context.event.ApplicationEventsTestExecutionListener@202b0582, org.springframework.boot.test.mock.mockito.MockitoTestExecutionListener@235ecd9f, org.springframework.boot.test.autoconfigure.SpringBootDependencyInjectionTestExecutionListener@1ca3b418, org.springframework.test.context.support.DirtiesContextTestExecutionListener@58cbafc2, org.springframework.test.context.event.EventPublishingTestExecutionListener@2034b64c, org.springframework.boot.test.mock.mockito.ResetMocksTestExecutionListener@75d3a5e0, org.springframework.boot.test.autoconfigure.restdocs.RestDocsTestExecutionListener@74d1dc36, org.springframework.boot.test.autoconfigure.web.client.MockRestServiceServerResetTestExecutionListener@7161d8d1, org.springframework.boot.test.autoconfigure.web.servlet.MockMvcPrintOnlyOnFailureTestExecutionListener@74e28667, org.springframework.boot.test.autoconfigure.web.servlet.WebDriverTestExecutionListener@1cf6d1be, org.springframework.boot.test.autoconfigure.webservices.client.MockWebServiceServerTestExecutionListener@663c9e7a]
10:38:12.034 [main] DEBUG org.springframework.test.context.support.AbstractDirtiesContextTestExecutionListener - Before test class: context [DefaultTestContext@17f9d882 testClass = RocketmqStarterApplicationTests, testInstance = [null], testMethod = [null], testException = [null], mergedContextConfiguration = [WebMergedContextConfiguration@79e4c792 testClass = RocketmqStarterApplicationTests, locations = '{}', classes = '{class cn.colins.rocketmqstarter.RocketmqStarterApplication}', contextInitializerClasses = '[]', activeProfiles = '{}', propertySourceLocations = '{}', propertySourceProperties = '{org.springframework.boot.test.context.SpringBootTestContextBootstrapper=true}', contextCustomizers = set[org.springframework.boot.test.context.filter.ExcludeFilterContextCustomizer@20ce78ec, org.springframework.boot.test.json.DuplicateJsonObjectContextCustomizerFactory$DuplicateJsonObjectContextCustomizer@6eda5c9, org.springframework.boot.test.mock.mockito.MockitoContextCustomizer@0, org.springframework.boot.test.web.client.TestRestTemplateContextCustomizer@7fa98a66, org.springframework.boot.test.autoconfigure.actuate.metrics.MetricsExportContextCustomizerFactory$DisableMetricExportContextCustomizer@6e20b53a, org.springframework.boot.test.autoconfigure.properties.PropertyMappingContextCustomizer@0, org.springframework.boot.test.autoconfigure.web.servlet.WebDriverContextCustomizerFactory$Customizer@4cc451f2, org.springframework.boot.test.context.SpringBootTestArgs@1, org.springframework.boot.test.context.SpringBootTestWebEnvironment@7c16905e], resourceBasePath = 'src/main/webapp', contextLoader = 'org.springframework.boot.test.context.SpringBootContextLoader', parent = [null]], attributes = map['org.springframework.test.context.web.ServletTestExecutionListener.activateListener' -> true]], class annotated with @DirtiesContext [false] with mode [null].
10:38:12.067 [main] DEBUG org.springframework.test.context.support.TestPropertySourceUtils - Adding inlined properties to environment: {spring.jmx.enabled=false, org.springframework.boot.test.context.SpringBootTestContextBootstrapper=true}

  .   ____          _            __ _ _
 /\\ / ___'_ __ _ _(_)_ __  __ _ \ \ \ \
( ( )\___ | '_ | '_| | '_ \/ _` | \ \ \ \
 \\/  ___)| |_)| | | | | || (_| |  ) ) ) )
  '  |____| .__|_| |_|_| |_\__, | / / / /
 =========|_|==============|___/=/_/_/_/
 :: Spring Boot ::                (v2.5.4)

2023-03-31 10:38:12.472  INFO 84356 --- [           main] c.c.r.RocketmqStarterApplicationTests    : Starting RocketmqStarterApplicationTests using Java 1.8.0_77 on jr10001306 with PID 84356 (started by Administrator in F:\student_project\rocketmq-starter)
2023-03-31 10:38:12.472  INFO 84356 --- [           main] c.c.r.RocketmqStarterApplicationTests    : No active profile set, falling back to default profiles: default
2023-03-31 10:38:14.122  INFO 84356 --- [           main] c.c.r.producer.RocketMqProducerService   : RocketMqProducerGroup:TEST_PRODUCER_GROUP1 start success
2023-03-31 10:38:14.123  INFO 84356 --- [           main] c.c.r.producer.RocketMqProducerService   : RocketMqProducerGroup:TEST_PRODUCER_GROUP2 start success
2023-03-31 10:38:14.845  INFO 84356 --- [           main] c.c.r.RocketmqStarterApplicationTests    : Started RocketmqStarterApplicationTests in 2.773 seconds (JVM running for 3.652)
]]></system-out>
  </testcase>
</testsuite>